2019-06-09 11:33:19.443 - Info	
Packing C:\LocalProjects\CustomControllers\Evolved365RTFController\JoditRichTextControllerByEvolved365\obj\Debug\ to bin\Debug\\JoditRichTextControllerByEvolved365.zip

2019-06-09 11:33:19.455 - Info	Processing Component: Entities
2019-06-09 11:33:19.459 - Info	Processing Component: Roles
2019-06-09 11:33:19.461 - Info	Processing Component: Workflows
2019-06-09 11:33:19.461 - Info	Processing Component: FieldSecurityProfiles
2019-06-09 11:33:19.462 - Info	Processing Component: Templates
2019-06-09 11:33:19.463 - Info	Processing Component: EntityMaps
2019-06-09 11:33:19.463 - Info	Processing Component: EntityRelationships
2019-06-09 11:33:19.469 - Info	Processing Component: OrganizationSettings
2019-06-09 11:33:19.469 - Info	Processing Component: optionsets
2019-06-09 11:33:19.470 - Info	Processing Component: CustomControls
2019-06-09 11:33:19.477 - Info	 - Evolved365Controllers.JoditRichTextController
2019-06-09 11:33:19.483 - Info	Processing Component: EntityDataProviders
2019-06-09 11:33:19.537 - Info	
Unmanaged Pack complete.

2019-06-09 12:02:11.063 - Info	
Packing C:\LocalProjects\CustomControllers\Evolved365RTFController\JoditRichTextControllerByEvolved365\obj\Debug\ to bin\Debug\\JoditRichTextControllerByEvolved365.zip

2019-06-09 12:02:11.074 - Info	Processing Component: Entities
2019-06-09 12:02:11.077 - Info	Processing Component: Roles
2019-06-09 12:02:11.081 - Info	Processing Component: Workflows
2019-06-09 12:02:11.081 - Info	Processing Component: FieldSecurityProfiles
2019-06-09 12:02:11.082 - Info	Processing Component: Templates
2019-06-09 12:02:11.082 - Info	Processing Component: EntityMaps
2019-06-09 12:02:11.083 - Info	Processing Component: EntityRelationships
2019-06-09 12:02:11.087 - Info	Processing Component: OrganizationSettings
2019-06-09 12:02:11.088 - Info	Processing Component: optionsets
2019-06-09 12:02:11.088 - Info	Processing Component: CustomControls
2019-06-09 12:02:11.096 - Info	 - Evolved365Controllers.JoditRichTextController
2019-06-09 12:02:11.101 - Info	Processing Component: EntityDataProviders
2019-06-09 12:02:11.155 - Info	
Unmanaged Pack complete.

2019-06-09 12:31:00.731 - Info	
Packing C:\LocalProjects\CustomControllers\Evolved365RTFController\JoditRichTextControllerByEvolved365\obj\Debug\ to bin\Debug\\JoditRichTextControllerByEvolved365.zip

2019-06-09 12:31:00.742 - Info	Processing Component: Entities
2019-06-09 12:31:00.746 - Info	Processing Component: Roles
2019-06-09 12:31:00.749 - Info	Processing Component: Workflows
2019-06-09 12:31:00.749 - Info	Processing Component: FieldSecurityProfiles
2019-06-09 12:31:00.750 - Info	Processing Component: Templates
2019-06-09 12:31:00.751 - Info	Processing Component: EntityMaps
2019-06-09 12:31:00.751 - Info	Processing Component: EntityRelationships
2019-06-09 12:31:00.757 - Info	Processing Component: OrganizationSettings
2019-06-09 12:31:00.757 - Info	Processing Component: optionsets
2019-06-09 12:31:00.758 - Info	Processing Component: CustomControls
2019-06-09 12:31:00.767 - Info	 - Evolved365Controllers.JoditRichTextController
2019-06-09 12:31:00.771 - Info	Processing Component: EntityDataProviders
2019-06-09 12:31:00.823 - Info	
Unmanaged Pack complete.

2019-06-09 12:46:04.908 - Info	
Packing C:\LocalProjects\CustomControllers\Evolved365RTFController\JoditRichTextControllerByEvolved365\obj\Debug\ to bin\Debug\\JoditRichTextControllerByEvolved365.zip

2019-06-09 12:46:04.926 - Info	Processing Component: Entities
2019-06-09 12:46:04.933 - Info	Processing Component: Roles
2019-06-09 12:46:04.942 - Info	Processing Component: Workflows
2019-06-09 12:46:04.943 - Info	Processing Component: FieldSecurityProfiles
2019-06-09 12:46:04.943 - Info	Processing Component: Templates
2019-06-09 12:46:04.944 - Info	Processing Component: EntityMaps
2019-06-09 12:46:04.944 - Info	Processing Component: EntityRelationships
2019-06-09 12:46:04.959 - Info	Processing Component: OrganizationSettings
2019-06-09 12:46:04.960 - Info	Processing Component: optionsets
2019-06-09 12:46:04.960 - Info	Processing Component: CustomControls
2019-06-09 12:46:04.973 - Info	 - Evolved365Controllers.JoditRichTextController
2019-06-09 12:46:04.978 - Info	Processing Component: EntityDataProviders
2019-06-09 12:46:05.045 - Info	
Unmanaged Pack complete.

2019-06-09 12:56:38.511 - Info	
Packing C:\LocalProjects\CustomControllers\Evolved365RTFController\JoditRichTextControllerByEvolved365\obj\Debug\ to bin\Debug\\JoditRichTextControllerByEvolved365.zip

2019-06-09 12:56:38.528 - Info	Processing Component: Entities
2019-06-09 12:56:38.533 - Info	Processing Component: Roles
2019-06-09 12:56:38.540 - Info	Processing Component: Workflows
2019-06-09 12:56:38.540 - Info	Processing Component: FieldSecurityProfiles
2019-06-09 12:56:38.541 - Info	Processing Component: Templates
2019-06-09 12:56:38.542 - Info	Processing Component: EntityMaps
2019-06-09 12:56:38.542 - Info	Processing Component: EntityRelationships
2019-06-09 12:56:38.549 - Info	Processing Component: OrganizationSettings
2019-06-09 12:56:38.550 - Info	Processing Component: optionsets
2019-06-09 12:56:38.550 - Info	Processing Component: CustomControls
2019-06-09 12:56:38.561 - Info	 - Evolved365Controllers.JoditRichTextController
2019-06-09 12:56:38.566 - Info	Processing Component: EntityDataProviders
2019-06-09 12:56:38.627 - Info	
Unmanaged Pack complete.

2019-06-09 13:20:24.755 - Info	
Packing C:\LocalProjects\CustomControllers\Evolved365RTFController\JoditRichTextControllerByEvolved365\obj\Debug\ to bin\Debug\\JoditRichTextControllerByEvolved365.zip

2019-06-09 13:20:24.773 - Info	Processing Component: Entities
2019-06-09 13:20:24.779 - Info	Processing Component: Roles
2019-06-09 13:20:24.783 - Info	Processing Component: Workflows
2019-06-09 13:20:24.783 - Info	Processing Component: FieldSecurityProfiles
2019-06-09 13:20:24.783 - Info	Processing Component: Templates
2019-06-09 13:20:24.785 - Info	Processing Component: EntityMaps
2019-06-09 13:20:24.786 - Info	Processing Component: EntityRelationships
2019-06-09 13:20:24.796 - Info	Processing Component: OrganizationSettings
2019-06-09 13:20:24.797 - Info	Processing Component: optionsets
2019-06-09 13:20:24.797 - Info	Processing Component: CustomControls
2019-06-09 13:20:24.808 - Info	 - Evolved365Controllers.JoditRichTextController
2019-06-09 13:20:24.816 - Info	Processing Component: EntityDataProviders
2019-06-09 13:20:24.882 - Info	
Unmanaged Pack complete.

2019-06-09 13:26:45.629 - Info	
Packing C:\LocalProjects\CustomControllers\Evolved365RTFController\JoditRichTextControllerByEvolved365\obj\Debug\ to bin\Debug\\JoditRichTextControllerByEvolved365.zip

2019-06-09 13:26:45.644 - Info	Processing Component: Entities
2019-06-09 13:26:45.647 - Info	Processing Component: Roles
2019-06-09 13:26:45.650 - Info	Processing Component: Workflows
2019-06-09 13:26:45.650 - Info	Processing Component: FieldSecurityProfiles
2019-06-09 13:26:45.651 - Info	Processing Component: Templates
2019-06-09 13:26:45.652 - Info	Processing Component: EntityMaps
2019-06-09 13:26:45.652 - Info	Processing Component: EntityRelationships
2019-06-09 13:26:45.659 - Info	Processing Component: OrganizationSettings
2019-06-09 13:26:45.660 - Info	Processing Component: optionsets
2019-06-09 13:26:45.660 - Info	Processing Component: CustomControls
2019-06-09 13:26:45.667 - Info	 - Evolved365Controllers.JoditRichTextController
2019-06-09 13:26:45.672 - Info	Processing Component: EntityDataProviders
2019-06-09 13:26:45.735 - Info	
Unmanaged Pack complete.

